<?xml version="1.0" encoding="UTF-8"?>
<!-- Generated by org.testng.reporters.JUnitXMLReporter -->
<testsuite ignored="0" hostname="DESKTOP-G9E97GK" failures="0" tests="3" name="Submit Order Test" time="33.539" errors="0" timestamp="2024-01-28T22:36:30 IST">
  <testcase classname="sauravpractice.tests.SubmitOrderTest" name="submitOrderTest" time="12.332"/>
  <testcase classname="sauravpractice.tests.SubmitOrderTest" name="submitOrderTest" time="13.026"/>
  <testcase classname="sauravpractice.tests.SubmitOrderTest" name="orderHistoryTest" time="0.61"/>
</testsuite> <!-- Submit Order Test -->
